<?xml version="1.0" encoding="UTF-8"?>
<!-- Generated by org.testng.reporters.JUnitXMLReporter -->
<testsuite hostname="SSSI6" ignored="0" name="Test" tests="14" failures="0" timestamp="26 Feb 2024 00:51:01 GMT" time="0.042" errors="0">
  <testcase name="dragon" time="0.002" classname="com.test.FruitsTest"/>
  <testcase name="cucumber" time="0.0" classname="com.test.VegitableTest"/>
  <testcase name="eggplant" time="0.0" classname="com.test.VegitableTest"/>
  <testcase name="methi" time="0.0" classname="com.test.VegitableTest"/>
  <testcase name="onion" time="0.0" classname="com.test.VegitableTest"/>
  <testcase name="potatos" time="0.0" classname="com.test.VegitableTest"/>
  <testcase name="redleaves" time="0.0" classname="com.test.VegitableTest"/>
  <testcase name="spinach" time="0.0" classname="com.test.VegitableTest"/>
  <testcase name="tomato" time="0.0" classname="com.test.VegitableTest"/>
  <testcase name="cucumber" time="0.0" classname="com.test.VeggiesTest"/>
  <testcase name="methi" time="0.0" classname="com.test.VeggiesTest"/>
  <testcase name="redleaves" time="0.0" classname="com.test.VeggiesTest"/>
  <testcase name="spinach" time="0.0" classname="com.test.VeggiesTest"/>
  <testcase name="one" time="0.0" classname="com.test.NumbersTest"/>
</testsuite> <!-- Test -->
