<?xml version="1.0" encoding="UTF-8"?>
<testsuite xmlns:xsi="http://www.w3.org/2001/XMLSchema-instance" xsi:noNamespaceSchemaLocation="https://maven.apache.org/surefire/maven-surefire-plugin/xsd/surefire-test-report.xsd" name="TestSuite" time="26.976" tests="16" errors="0" skipped="0" failures="0">
  <properties>
[...]
</properties>
  <testcase name="dragon" classname="com.test.FruitsTest" time="0.006"/>
  <testcase name="cucumber" classname="com.test.VegitableTest" time="0.003"/>
  <testcase name="eggplant" classname="com.test.VegitableTest" time="0.002"/>
  <testcase name="methi" classname="com.test.VegitableTest" time="0.002"/>
  <testcase name="onion" classname="com.test.VegitableTest" time="0.003"/>
  <testcase name="potatos" classname="com.test.VegitableTest" time="0.004"/>
  <testcase name="redleaves" classname="com.test.VegitableTest" time="0.005"/>
  <testcase name="spinach" classname="com.test.VegitableTest" time="0.004"/>
  <testcase name="tomato" classname="com.test.VegitableTest" time="0.003"/>
  <testcase name="cucumber" classname="com.test.VeggiesTest" time="0.004"/>
  <testcase name="methi" classname="com.test.VeggiesTest" time="0.003"/>
  <testcase name="redleaves" classname="com.test.VeggiesTest" time="0.003"/>
  <testcase name="spinach" classname="com.test.VeggiesTest" time="0.004"/>
  <testcase name="one" classname="com.test.NumbersTest" time="0.003"/>
  <testcase name="ihg" classname="com.ng1.IhgTest" time="14.318"/>
  <testcase name="walmart" classname="com.ng1.WalmartTest" time="11.613"/>
</testsuite>