<?xml version="1.0" encoding="UTF-8"?>
<!-- Generated by org.testng.reporters.JUnitXMLReporter -->
<testsuite hostname="SSSI6" ignored="2" name="Test" tests="2" failures="0" timestamp="26 Feb 2024 00:51:27 GMT" time="25.98" errors="0">
  <testcase name="ihg" time="14.364" classname="com.ng1.IhgTest"/>
  <testcase name="walmart" time="11.612" classname="com.ng1.WalmartTest"/>
  <testcase name="orange" time="0.0" classname="com.ng1.OrangeHrmtest">
    <ignored/>
  </testcase> <!-- orange -->
  <testcase name="michale" time="0.0" classname="com.ng1.MichaleTest">
    <ignored/>
  </testcase> <!-- michale -->
</testsuite> <!-- Test -->
